<?xml version="1.0" encoding="UTF-8"?>
<!-- Generated by org.testng.reporters.JUnitReportReporter -->
<testsuite hostname="LTIN509458" failures="0" tests="20" name="testCases.VerifyUIOfLoanTenure" time="36.338" errors="0" timestamp="2024-04-18T11:52:22 IST" skipped="0">
  <testcase classname="testCases.VerifyUIOfLoanTenure" name="validateEMIToBePaid" time="1.377"/>
  <testcase classname="testCases.VerifyUIOfLoanTenure" name="validateEMIToBePaid" time="2.113"/>
  <testcase classname="testCases.VerifyUIOfLoanTenure" name="validateEMIToBePaid" time="2.092"/>
  <testcase classname="testCases.VerifyUIOfLoanTenure" name="validateEMIToBePaid" time="1.641"/>
  <testcase classname="testCases.VerifyUIOfLoanTenure" name="validateEMIToBePaid" time="1.672"/>
  <testcase classname="testCases.VerifyUIOfLoanTenure" name="validateEMIToBePaid" time="1.902"/>
  <testcase classname="testCases.VerifyUIOfLoanTenure" name="validateEMIToBePaid" time="1.488"/>
  <testcase classname="testCases.VerifyUIOfLoanTenure" name="validateEMIToBePaid" time="1.366"/>
  <testcase classname="testCases.VerifyUIOfLoanTenure" name="validateEMIToBePaid" time="1.852"/>
  <testcase classname="testCases.VerifyUIOfLoanTenure" name="validateEMIToBePaid" time="1.386"/>
  <testcase classname="testCases.VerifyUIOfLoanTenure" name="validateEMIToBePaid" time="1.937"/>
  <testcase classname="testCases.VerifyUIOfLoanTenure" name="validateEMIToBePaid" time="1.749"/>
  <testcase classname="testCases.VerifyUIOfLoanTenure" name="validateEMIToBePaid" time="2.010"/>
  <testcase classname="testCases.VerifyUIOfLoanTenure" name="validateEMIToBePaid" time="1.694"/>
  <testcase classname="testCases.VerifyUIOfLoanTenure" name="validateEMIToBePaid" time="2.122"/>
  <testcase classname="testCases.VerifyUIOfLoanTenure" name="validateEMIToBePaid" time="2.274"/>
  <testcase classname="testCases.VerifyUIOfLoanTenure" name="validateEMIToBePaid" time="2.079"/>
  <testcase classname="testCases.VerifyUIOfLoanTenure" name="validateEMIToBePaid" time="1.398"/>
  <testcase classname="testCases.VerifyUIOfLoanTenure" name="validateEMIToBePaid" time="2.081"/>
  <testcase classname="testCases.VerifyUIOfLoanTenure" name="validateEMIToBePaid" time="2.105"/>
</testsuite> <!-- testCases.VerifyUIOfLoanTenure -->
