<?xml version="1.0" encoding="UTF-8"?>
<!-- Generated by org.testng.reporters.JUnitReportReporter -->
<testsuite hostname="LTIN509458" failures="0" tests="20" name="testCases.VerifyLoanTenure" time="29.739" errors="0" timestamp="2024-04-18T11:52:22 IST" skipped="0">
  <testcase classname="testCases.VerifyLoanTenure" name="validateTenure" time="1.246"/>
  <testcase classname="testCases.VerifyLoanTenure" name="validateTenure" time="1.411"/>
  <testcase classname="testCases.VerifyLoanTenure" name="validateTenure" time="1.307"/>
  <testcase classname="testCases.VerifyLoanTenure" name="validateTenure" time="1.493"/>
  <testcase classname="testCases.VerifyLoanTenure" name="validateTenure" time="1.314"/>
  <testcase classname="testCases.VerifyLoanTenure" name="validateTenure" time="2.075"/>
  <testcase classname="testCases.VerifyLoanTenure" name="validateTenure" time="1.670"/>
  <testcase classname="testCases.VerifyLoanTenure" name="validateTenure" time="1.578"/>
  <testcase classname="testCases.VerifyLoanTenure" name="validateTenure" time="1.781"/>
  <testcase classname="testCases.VerifyLoanTenure" name="validateTenure" time="1.342"/>
  <testcase classname="testCases.VerifyLoanTenure" name="validateTenure" time="1.301"/>
  <testcase classname="testCases.VerifyLoanTenure" name="validateTenure" time="1.369"/>
  <testcase classname="testCases.VerifyLoanTenure" name="validateTenure" time="1.497"/>
  <testcase classname="testCases.VerifyLoanTenure" name="validateTenure" time="1.336"/>
  <testcase classname="testCases.VerifyLoanTenure" name="validateTenure" time="1.735"/>
  <testcase classname="testCases.VerifyLoanTenure" name="validateTenure" time="1.758"/>
  <testcase classname="testCases.VerifyLoanTenure" name="validateTenure" time="1.471"/>
  <testcase classname="testCases.VerifyLoanTenure" name="validateTenure" time="1.319"/>
  <testcase classname="testCases.VerifyLoanTenure" name="validateTenure" time="1.329"/>
  <testcase classname="testCases.VerifyLoanTenure" name="validateTenure" time="1.407"/>
</testsuite> <!-- testCases.VerifyLoanTenure -->
