<?xml version="1.0" encoding="UTF-8"?>
<!-- Generated by org.testng.reporters.JUnitReportReporter -->
<testsuite hostname="LTIN509458" failures="0" tests="40" name="testCases.VerifyEMIToBePaid" time="60.675" errors="0" timestamp="2024-04-18T11:52:22 IST" skipped="0">
  <testcase classname="testCases.VerifyEMIToBePaid" name="validateEMIToBePaidLTInMonths" time="1.896"/>
  <testcase classname="testCases.VerifyEMIToBePaid" name="validateEMIToBePaidLTInYear" time="1.426"/>
  <testcase classname="testCases.VerifyEMIToBePaid" name="validateEMIToBePaidLTInMonths" time="1.445"/>
  <testcase classname="testCases.VerifyEMIToBePaid" name="validateEMIToBePaidLTInMonths" time="1.841"/>
  <testcase classname="testCases.VerifyEMIToBePaid" name="validateEMIToBePaidLTInMonths" time="1.593"/>
  <testcase classname="testCases.VerifyEMIToBePaid" name="validateEMIToBePaidLTInMonths" time="1.474"/>
  <testcase classname="testCases.VerifyEMIToBePaid" name="validateEMIToBePaidLTInMonths" time="1.901"/>
  <testcase classname="testCases.VerifyEMIToBePaid" name="validateEMIToBePaidLTInYear" time="1.186"/>
  <testcase classname="testCases.VerifyEMIToBePaid" name="validateEMIToBePaidLTInYear" time="1.825"/>
  <testcase classname="testCases.VerifyEMIToBePaid" name="validateEMIToBePaidLTInYear" time="1.212"/>
  <testcase classname="testCases.VerifyEMIToBePaid" name="validateEMIToBePaidLTInYear" time="1.366"/>
  <testcase classname="testCases.VerifyEMIToBePaid" name="validateEMIToBePaidLTInMonths" time="1.637"/>
  <testcase classname="testCases.VerifyEMIToBePaid" name="validateEMIToBePaidLTInYear" time="2.072"/>
  <testcase classname="testCases.VerifyEMIToBePaid" name="validateEMIToBePaidLTInMonths" time="1.166"/>
  <testcase classname="testCases.VerifyEMIToBePaid" name="validateEMIToBePaidLTInMonths" time="1.603"/>
  <testcase classname="testCases.VerifyEMIToBePaid" name="validateEMIToBePaidLTInMonths" time="1.538"/>
  <testcase classname="testCases.VerifyEMIToBePaid" name="validateEMIToBePaidLTInYear" time="1.699"/>
  <testcase classname="testCases.VerifyEMIToBePaid" name="validateEMIToBePaidLTInYear" time="1.305"/>
  <testcase classname="testCases.VerifyEMIToBePaid" name="validateEMIToBePaidLTInYear" time="1.801"/>
  <testcase classname="testCases.VerifyEMIToBePaid" name="validateEMIToBePaidLTInYear" time="1.373"/>
  <testcase classname="testCases.VerifyEMIToBePaid" name="validateEMIToBePaidLTInMonths" time="1.360"/>
  <testcase classname="testCases.VerifyEMIToBePaid" name="validateEMIToBePaidLTInYear" time="1.399"/>
  <testcase classname="testCases.VerifyEMIToBePaid" name="validateEMIToBePaidLTInMonths" time="1.478"/>
  <testcase classname="testCases.VerifyEMIToBePaid" name="validateEMIToBePaidLTInYear" time="1.309"/>
  <testcase classname="testCases.VerifyEMIToBePaid" name="validateEMIToBePaidLTInYear" time="1.895"/>
  <testcase classname="testCases.VerifyEMIToBePaid" name="validateEMIToBePaidLTInMonths" time="1.632"/>
  <testcase classname="testCases.VerifyEMIToBePaid" name="validateEMIToBePaidLTInMonths" time="1.522"/>
  <testcase classname="testCases.VerifyEMIToBePaid" name="validateEMIToBePaidLTInMonths" time="1.415"/>
  <testcase classname="testCases.VerifyEMIToBePaid" name="validateEMIToBePaidLTInMonths" time="1.068"/>
  <testcase classname="testCases.VerifyEMIToBePaid" name="validateEMIToBePaidLTInYear" time="1.355"/>
  <testcase classname="testCases.VerifyEMIToBePaid" name="validateEMIToBePaidLTInYear" time="1.195"/>
  <testcase classname="testCases.VerifyEMIToBePaid" name="validateEMIToBePaidLTInYear" time="1.436"/>
  <testcase classname="testCases.VerifyEMIToBePaid" name="validateEMIToBePaidLTInYear" time="1.267"/>
  <testcase classname="testCases.VerifyEMIToBePaid" name="validateEMIToBePaidLTInYear" time="1.580"/>
  <testcase classname="testCases.VerifyEMIToBePaid" name="validateEMIToBePaidLTInMonths" time="1.390"/>
  <testcase classname="testCases.VerifyEMIToBePaid" name="validateEMIToBePaidLTInYear" time="1.408"/>
  <testcase classname="testCases.VerifyEMIToBePaid" name="validateEMIToBePaidLTInMonths" time="1.942"/>
  <testcase classname="testCases.VerifyEMIToBePaid" name="validateEMIToBePaidLTInYear" time="1.381"/>
  <testcase classname="testCases.VerifyEMIToBePaid" name="validateEMIToBePaidLTInMonths" time="1.620"/>
  <testcase classname="testCases.VerifyEMIToBePaid" name="validateEMIToBePaidLTInMonths" time="1.664"/>
</testsuite> <!-- testCases.VerifyEMIToBePaid -->
