<?xml version="1.0" encoding="UTF-8"?>
<!-- Generated by org.testng.reporters.JUnitReportReporter -->
<testsuite hostname="LTIN509458" failures="0" tests="2" name="testCases.VerifyEMICalculatorPageIsDisplayed" time="10.285" errors="0" timestamp="2024-04-18T11:52:22 IST" skipped="0">
  <testcase classname="testCases.VerifyEMICalculatorPageIsDisplayed" name="validateTitle" time="4.961"/>
  <testcase classname="testCases.VerifyEMICalculatorPageIsDisplayed" name="validateTitle" time="5.324"/>
</testsuite> <!-- testCases.VerifyEMICalculatorPageIsDisplayed -->
