<?xml version="1.0" encoding="UTF-8"?>
<!-- Generated by org.testng.reporters.JUnitReportReporter -->
<testsuite hostname="LTIN509458" failures="0" tests="12" name="testCases.VerifyUIOfLoanAmountCalculator" time="42.815" errors="0" timestamp="2024-04-18T11:52:22 IST" skipped="0">
  <testcase classname="testCases.VerifyUIOfLoanAmountCalculator" name="validateEMIToBePaid" time="2.968"/>
  <testcase classname="testCases.VerifyUIOfLoanAmountCalculator" name="validateEMIToBePaid" time="4.924"/>
  <testcase classname="testCases.VerifyUIOfLoanAmountCalculator" name="validateEMIToBePaid" time="4.015"/>
  <testcase classname="testCases.VerifyUIOfLoanAmountCalculator" name="validateEMIToBePaid" time="3.599"/>
  <testcase classname="testCases.VerifyUIOfLoanAmountCalculator" name="validateEMIToBePaid" time="3.606"/>
  <testcase classname="testCases.VerifyUIOfLoanAmountCalculator" name="validateEMIToBePaid" time="3.228"/>
  <testcase classname="testCases.VerifyUIOfLoanAmountCalculator" name="validateEMIToBePaid" time="2.908"/>
  <testcase classname="testCases.VerifyUIOfLoanAmountCalculator" name="validateEMIToBePaid" time="2.997"/>
  <testcase classname="testCases.VerifyUIOfLoanAmountCalculator" name="validateEMIToBePaid" time="3.214"/>
  <testcase classname="testCases.VerifyUIOfLoanAmountCalculator" name="validateEMIToBePaid" time="4.265"/>
  <testcase classname="testCases.VerifyUIOfLoanAmountCalculator" name="validateEMIToBePaid" time="4.138"/>
  <testcase classname="testCases.VerifyUIOfLoanAmountCalculator" name="validateEMIToBePaid" time="2.953"/>
</testsuite> <!-- testCases.VerifyUIOfLoanAmountCalculator -->
