<?xml version="1.0" encoding="UTF-8"?>
<!-- Generated by org.testng.reporters.JUnitReportReporter -->
<testsuite hostname="LTIN509458" failures="0" tests="20" name="testCases.VerifyUIOfEMICalculator" time="51.765" errors="0" timestamp="2024-04-18T11:52:22 IST" skipped="0">
  <testcase classname="testCases.VerifyUIOfEMICalculator" name="validateEMIToBePaid" time="2.078"/>
  <testcase classname="testCases.VerifyUIOfEMICalculator" name="validateEMIToBePaid" time="2.911"/>
  <testcase classname="testCases.VerifyUIOfEMICalculator" name="validateEMIToBePaid" time="2.531"/>
  <testcase classname="testCases.VerifyUIOfEMICalculator" name="validateEMIToBePaid" time="3.267"/>
  <testcase classname="testCases.VerifyUIOfEMICalculator" name="validateEMIToBePaid" time="2.639"/>
  <testcase classname="testCases.VerifyUIOfEMICalculator" name="validateEMIToBePaid" time="2.651"/>
  <testcase classname="testCases.VerifyUIOfEMICalculator" name="validateEMIToBePaid" time="3.086"/>
  <testcase classname="testCases.VerifyUIOfEMICalculator" name="validateEMIToBePaid" time="2.605"/>
  <testcase classname="testCases.VerifyUIOfEMICalculator" name="validateEMIToBePaid" time="2.289"/>
  <testcase classname="testCases.VerifyUIOfEMICalculator" name="validateEMIToBePaid" time="2.689"/>
  <testcase classname="testCases.VerifyUIOfEMICalculator" name="validateEMIToBePaid" time="2.163"/>
  <testcase classname="testCases.VerifyUIOfEMICalculator" name="validateEMIToBePaid" time="2.470"/>
  <testcase classname="testCases.VerifyUIOfEMICalculator" name="validateEMIToBePaid" time="1.881"/>
  <testcase classname="testCases.VerifyUIOfEMICalculator" name="validateEMIToBePaid" time="3.631"/>
  <testcase classname="testCases.VerifyUIOfEMICalculator" name="validateEMIToBePaid" time="3.275"/>
  <testcase classname="testCases.VerifyUIOfEMICalculator" name="validateEMIToBePaid" time="2.225"/>
  <testcase classname="testCases.VerifyUIOfEMICalculator" name="validateEMIToBePaid" time="2.475"/>
  <testcase classname="testCases.VerifyUIOfEMICalculator" name="validateEMIToBePaid" time="2.512"/>
  <testcase classname="testCases.VerifyUIOfEMICalculator" name="validateEMIToBePaid" time="2.208"/>
  <testcase classname="testCases.VerifyUIOfEMICalculator" name="validateEMIToBePaid" time="2.179"/>
</testsuite> <!-- testCases.VerifyUIOfEMICalculator -->
