<?xml version="1.0" encoding="UTF-8"?>
<!-- Generated by org.testng.reporters.JUnitReportReporter -->
<testsuite hostname="LTIN509458" failures="0" tests="2" name="testCases.VerifyLoanTenureCalculatorIsDisplayed" time="79.902" errors="0" timestamp="2024-04-18T11:52:22 IST" skipped="0">
  <testcase classname="testCases.VerifyLoanTenureCalculatorIsDisplayed" name="validateTitle" time="65.548"/>
  <testcase classname="testCases.VerifyLoanTenureCalculatorIsDisplayed" name="validateTitle" time="14.354"/>
</testsuite> <!-- testCases.VerifyLoanTenureCalculatorIsDisplayed -->
