<?xml version="1.0" encoding="UTF-8"?>
<!-- Generated by org.testng.reporters.JUnitReportReporter -->
<testsuite hostname="LTIN509458" failures="0" tests="2" name="testCases.VerifyCarLoanEMI" time="84.124" errors="0" timestamp="2024-04-18T11:52:22 IST" skipped="0">
  <testcase classname="testCases.VerifyCarLoanEMI" name="validateCarLoanEMI" time="79.386"/>
  <testcase classname="testCases.VerifyCarLoanEMI" name="validateCarLoanEMI" time="4.738"/>
</testsuite> <!-- testCases.VerifyCarLoanEMI -->
