<?xml version="1.0" encoding="UTF-8"?>
<!-- Generated by org.testng.reporters.JUnitReportReporter -->
<testsuite hostname="LTIN509458" failures="0" tests="2" name="testCases.VerifyCarLoanPageIsDisplayed" time="10.541" errors="0" timestamp="2024-04-18T11:52:22 IST" skipped="0">
  <testcase classname="testCases.VerifyCarLoanPageIsDisplayed" name="validateCarLoanPageIsDisplayed" time="3.762"/>
  <testcase classname="testCases.VerifyCarLoanPageIsDisplayed" name="validateCarLoanPageIsDisplayed" time="6.779"/>
</testsuite> <!-- testCases.VerifyCarLoanPageIsDisplayed -->
