<?xml version="1.0" encoding="UTF-8"?>
<!-- Generated by org.testng.reporters.JUnitReportReporter -->
<testsuite hostname="LTIN509458" failures="0" tests="1" name="testCases.VerifyDataSavedInExcel" time="21.261" errors="0" timestamp="2024-04-15T17:22:43 IST" skipped="0">
  <testcase classname="testCases.VerifyDataSavedInExcel" name="saveDisplayedData" time="21.261"/>
</testsuite> <!-- testCases.VerifyDataSavedInExcel -->
