<?xml version="1.0" encoding="UTF-8"?>
<!-- Generated by org.testng.reporters.JUnitReportReporter -->
<testsuite hostname="LTIN509458" failures="0" tests="2" name="testCases.SaveDataInExcel" time="114.522" errors="0" timestamp="2024-04-18T11:52:22 IST" skipped="0">
  <testcase classname="testCases.SaveDataInExcel" name="saveDisplayedData" time="84.920"/>
  <testcase classname="testCases.SaveDataInExcel" name="saveDisplayedData" time="29.602"/>
</testsuite> <!-- testCases.SaveDataInExcel -->
